MA-GAMM102686-2:build nma$ cmake ..
-- Looking for Q_WS_X11
-- Looking for Q_WS_X11 - not found
-- Looking for Q_WS_WIN
-- Looking for Q_WS_WIN - not found
-- Looking for Q_WS_QWS
-- Looking for Q_WS_QWS - not found
-- Looking for Q_WS_MAC
-- Looking for Q_WS_MAC - found
-- Looking for QT_MAC_USE_COCOA
-- Looking for QT_MAC_USE_COCOA - found
-- Found Qt4: /usr/local/bin/qmake (found suitable version "4.8.6", minimum required is "4.6.0") 
-- Found Gcrypt: /usr/local/lib/libgcrypt.dylib  
-- Gcrypt 1.6.3 supports the SALSA20 cipher
-- Found ZLIB: /usr/lib/libz.dylib (found version "1.2.5") 
-- Performing Test ZLIB_SUPPORTS_GZIP
-- Performing Test ZLIB_SUPPORTS_GZIP - Success
-- Performing Test HAVE_PR_SET_DUMPABLE
-- Performing Test HAVE_PR_SET_DUMPABLE - Failed
-- Performing Test HAVE_RLIMIT_CORE
-- Performing Test HAVE_RLIMIT_CORE - Success
-- Performing Test HAVE_PT_DENY_ATTACH
-- Performing Test HAVE_PT_DENY_ATTACH - Success
-- /Users/nma/Source/keepassx/share/translations/keepassx-bb_BK.ts/Users/nma/Source/keepassx/share/translations/keepassx-de.ts/Users/nma/Source/keepassx/share/translations/keepassx-ja_JP.ts/Users/nma/Source/keepassx/share/translations/keepassx-sv_SE.ts/Users/nma/Source/keepassx/share/translations/keepassx-zh_CN.ts/Users/nma/Source/keepassx/share/translations/keepassx-zh_TW.ts/Users/nma/Source/keepassx/share/translations/keepassx_en_plurals.ts/Users/nma/Source/keepassx/share/translations/keepassx_it.ts/Users/nma/Source/keepassx/share/translations/keepassx_nl_NL.ts
CMake Warning (dev) at tests/CMakeLists.txt:67 (get_target_property):
  Policy CMP0026 is not set: Disallow use of the LOCATION target property.
  Run "cmake --help-policy CMP0026" for policy details.  Use the cmake_policy
  command to set the policy and suppress this warning.

  The LOCATION property should not be read from target "testgroup".  Use the
  target name directly with add_custom_command, or use the generator
  expression $<TARGET_FILE>, as appropriate.

Call Stack (most recent call first):
  tests/CMakeLists.txt:106 (add_unit_test)
This warning is for project developers.  Use -Wno-dev to suppress it.

CMake Warning (dev) at tests/CMakeLists.txt:67 (get_target_property):
  Policy CMP0026 is not set: Disallow use of the LOCATION target property.
  Run "cmake --help-policy CMP0026" for policy details.  Use the cmake_policy
  command to set the policy and suppress this warning.

  The LOCATION property should not be read from target
  "testkeepass2xmlreader".  Use the target name directly with
  add_custom_command, or use the generator expression $<TARGET_FILE>, as
  appropriate.

Call Stack (most recent call first):
  tests/CMakeLists.txt:109 (add_unit_test)
This warning is for project developers.  Use -Wno-dev to suppress it.

CMake Warning (dev) at tests/CMakeLists.txt:67 (get_target_property):
  Policy CMP0026 is not set: Disallow use of the LOCATION target property.
  Run "cmake --help-policy CMP0026" for policy details.  Use the cmake_policy
  command to set the policy and suppress this warning.

  The LOCATION property should not be read from target "testkeys".  Use the
  target name directly with add_custom_command, or use the generator
  expression $<TARGET_FILE>, as appropriate.

Call Stack (most recent call first):
  tests/CMakeLists.txt:112 (add_unit_test)
This warning is for project developers.  Use -Wno-dev to suppress it.

CMake Warning (dev) at tests/CMakeLists.txt:67 (get_target_property):
  Policy CMP0026 is not set: Disallow use of the LOCATION target property.
  Run "cmake --help-policy CMP0026" for policy details.  Use the cmake_policy
  command to set the policy and suppress this warning.

  The LOCATION property should not be read from target "testkeepass2reader".
  Use the target name directly with add_custom_command, or use the generator
  expression $<TARGET_FILE>, as appropriate.

Call Stack (most recent call first):
  tests/CMakeLists.txt:115 (add_unit_test)
This warning is for project developers.  Use -Wno-dev to suppress it.

CMake Warning (dev) at tests/CMakeLists.txt:67 (get_target_property):
  Policy CMP0026 is not set: Disallow use of the LOCATION target property.
  Run "cmake --help-policy CMP0026" for policy details.  Use the cmake_policy
  command to set the policy and suppress this warning.

  The LOCATION property should not be read from target "testkeepass2writer".
  Use the target name directly with add_custom_command, or use the generator
  expression $<TARGET_FILE>, as appropriate.

Call Stack (most recent call first):
  tests/CMakeLists.txt:118 (add_unit_test)
This warning is for project developers.  Use -Wno-dev to suppress it.

CMake Warning (dev) at tests/CMakeLists.txt:67 (get_target_property):
  Policy CMP0026 is not set: Disallow use of the LOCATION target property.
  Run "cmake --help-policy CMP0026" for policy details.  Use the cmake_policy
  command to set the policy and suppress this warning.

  The LOCATION property should not be read from target "testgroupmodel".  Use
  the target name directly with add_custom_command, or use the generator
  expression $<TARGET_FILE>, as appropriate.

Call Stack (most recent call first):
  tests/CMakeLists.txt:121 (add_unit_test)
This warning is for project developers.  Use -Wno-dev to suppress it.

CMake Warning (dev) at tests/CMakeLists.txt:67 (get_target_property):
  Policy CMP0026 is not set: Disallow use of the LOCATION target property.
  Run "cmake --help-policy CMP0026" for policy details.  Use the cmake_policy
  command to set the policy and suppress this warning.

  The LOCATION property should not be read from target "testentrymodel".  Use
  the target name directly with add_custom_command, or use the generator
  expression $<TARGET_FILE>, as appropriate.

Call Stack (most recent call first):
  tests/CMakeLists.txt:124 (add_unit_test)
This warning is for project developers.  Use -Wno-dev to suppress it.

CMake Warning (dev) at tests/CMakeLists.txt:67 (get_target_property):
  Policy CMP0026 is not set: Disallow use of the LOCATION target property.
  Run "cmake --help-policy CMP0026" for policy details.  Use the cmake_policy
  command to set the policy and suppress this warning.

  The LOCATION property should not be read from target "testcryptohash".  Use
  the target name directly with add_custom_command, or use the generator
  expression $<TARGET_FILE>, as appropriate.

Call Stack (most recent call first):
  tests/CMakeLists.txt:127 (add_unit_test)
This warning is for project developers.  Use -Wno-dev to suppress it.

CMake Warning (dev) at tests/CMakeLists.txt:67 (get_target_property):
  Policy CMP0026 is not set: Disallow use of the LOCATION target property.
  Run "cmake --help-policy CMP0026" for policy details.  Use the cmake_policy
  command to set the policy and suppress this warning.

  The LOCATION property should not be read from target "testsymmetriccipher".
  Use the target name directly with add_custom_command, or use the generator
  expression $<TARGET_FILE>, as appropriate.

Call Stack (most recent call first):
  tests/CMakeLists.txt:130 (add_unit_test)
This warning is for project developers.  Use -Wno-dev to suppress it.

CMake Warning (dev) at tests/CMakeLists.txt:67 (get_target_property):
  Policy CMP0026 is not set: Disallow use of the LOCATION target property.
  Run "cmake --help-policy CMP0026" for policy details.  Use the cmake_policy
  command to set the policy and suppress this warning.

  The LOCATION property should not be read from target
  "testhashedblockstream".  Use the target name directly with
  add_custom_command, or use the generator expression $<TARGET_FILE>, as
  appropriate.

Call Stack (most recent call first):
  tests/CMakeLists.txt:133 (add_unit_test)
This warning is for project developers.  Use -Wno-dev to suppress it.

CMake Warning (dev) at tests/CMakeLists.txt:67 (get_target_property):
  Policy CMP0026 is not set: Disallow use of the LOCATION target property.
  Run "cmake --help-policy CMP0026" for policy details.  Use the cmake_policy
  command to set the policy and suppress this warning.

  The LOCATION property should not be read from target
  "testkeepass2randomstream".  Use the target name directly with
  add_custom_command, or use the generator expression $<TARGET_FILE>, as
  appropriate.

Call Stack (most recent call first):
  tests/CMakeLists.txt:136 (add_unit_test)
This warning is for project developers.  Use -Wno-dev to suppress it.

CMake Warning (dev) at tests/CMakeLists.txt:67 (get_target_property):
  Policy CMP0026 is not set: Disallow use of the LOCATION target property.
  Run "cmake --help-policy CMP0026" for policy details.  Use the cmake_policy
  command to set the policy and suppress this warning.

  The LOCATION property should not be read from target "testmodified".  Use
  the target name directly with add_custom_command, or use the generator
  expression $<TARGET_FILE>, as appropriate.

Call Stack (most recent call first):
  tests/CMakeLists.txt:139 (add_unit_test)
This warning is for project developers.  Use -Wno-dev to suppress it.

CMake Warning (dev) at tests/CMakeLists.txt:67 (get_target_property):
  Policy CMP0026 is not set: Disallow use of the LOCATION target property.
  Run "cmake --help-policy CMP0026" for policy details.  Use the cmake_policy
  command to set the policy and suppress this warning.

  The LOCATION property should not be read from target "testdeletedobjects".
  Use the target name directly with add_custom_command, or use the generator
  expression $<TARGET_FILE>, as appropriate.

Call Stack (most recent call first):
  tests/CMakeLists.txt:142 (add_unit_test)
This warning is for project developers.  Use -Wno-dev to suppress it.

CMake Warning (dev) at tests/CMakeLists.txt:67 (get_target_property):
  Policy CMP0026 is not set: Disallow use of the LOCATION target property.
  Run "cmake --help-policy CMP0026" for policy details.  Use the cmake_policy
  command to set the policy and suppress this warning.

  The LOCATION property should not be read from target "testkeepass1reader".
  Use the target name directly with add_custom_command, or use the generator
  expression $<TARGET_FILE>, as appropriate.

Call Stack (most recent call first):
  tests/CMakeLists.txt:145 (add_unit_test)
This warning is for project developers.  Use -Wno-dev to suppress it.

CMake Warning (dev) at tests/CMakeLists.txt:67 (get_target_property):
  Policy CMP0026 is not set: Disallow use of the LOCATION target property.
  Run "cmake --help-policy CMP0026" for policy details.  Use the cmake_policy
  command to set the policy and suppress this warning.

  The LOCATION property should not be read from target "testqsavefile".  Use
  the target name directly with add_custom_command, or use the generator
  expression $<TARGET_FILE>, as appropriate.

Call Stack (most recent call first):
  tests/CMakeLists.txt:148 (add_unit_test)
This warning is for project developers.  Use -Wno-dev to suppress it.

CMake Warning (dev) at tests/CMakeLists.txt:67 (get_target_property):
  Policy CMP0026 is not set: Disallow use of the LOCATION target property.
  Run "cmake --help-policy CMP0026" for policy details.  Use the cmake_policy
  command to set the policy and suppress this warning.

  The LOCATION property should not be read from target "testwildcardmatcher".
  Use the target name directly with add_custom_command, or use the generator
  expression $<TARGET_FILE>, as appropriate.

Call Stack (most recent call first):
  tests/CMakeLists.txt:151 (add_unit_test)
This warning is for project developers.  Use -Wno-dev to suppress it.

CMake Warning (dev) at tests/CMakeLists.txt:67 (get_target_property):
  Policy CMP0026 is not set: Disallow use of the LOCATION target property.
  Run "cmake --help-policy CMP0026" for policy details.  Use the cmake_policy
  command to set the policy and suppress this warning.

  The LOCATION property should not be read from target "testautotype".  Use
  the target name directly with add_custom_command, or use the generator
  expression $<TARGET_FILE>, as appropriate.

Call Stack (most recent call first):
  tests/CMakeLists.txt:154 (add_unit_test)
This warning is for project developers.  Use -Wno-dev to suppress it.

CMake Warning (dev) at tests/CMakeLists.txt:67 (get_target_property):
  Policy CMP0026 is not set: Disallow use of the LOCATION target property.
  Run "cmake --help-policy CMP0026" for policy details.  Use the cmake_policy
  command to set the policy and suppress this warning.

  The LOCATION property should not be read from target "testentry".  Use the
  target name directly with add_custom_command, or use the generator
  expression $<TARGET_FILE>, as appropriate.

Call Stack (most recent call first):
  tests/CMakeLists.txt:158 (add_unit_test)
This warning is for project developers.  Use -Wno-dev to suppress it.

CMake Warning (dev) at tests/CMakeLists.txt:67 (get_target_property):
  Policy CMP0026 is not set: Disallow use of the LOCATION target property.
  Run "cmake --help-policy CMP0026" for policy details.  Use the cmake_policy
  command to set the policy and suppress this warning.

  The LOCATION property should not be read from target
  "testqcommandlineparser".  Use the target name directly with
  add_custom_command, or use the generator expression $<TARGET_FILE>, as
  appropriate.

Call Stack (most recent call first):
  tests/CMakeLists.txt:161 (add_unit_test)
This warning is for project developers.  Use -Wno-dev to suppress it.

CMake Warning (dev) at tests/CMakeLists.txt:67 (get_target_property):
  Policy CMP0026 is not set: Disallow use of the LOCATION target property.
  Run "cmake --help-policy CMP0026" for policy details.  Use the cmake_policy
  command to set the policy and suppress this warning.

  The LOCATION property should not be read from target "testrandom".  Use the
  target name directly with add_custom_command, or use the generator
  expression $<TARGET_FILE>, as appropriate.

Call Stack (most recent call first):
  tests/CMakeLists.txt:164 (add_unit_test)
This warning is for project developers.  Use -Wno-dev to suppress it.

CMake Warning (dev) at tests/CMakeLists.txt:67 (get_target_property):
  Policy CMP0026 is not set: Disallow use of the LOCATION target property.
  Run "cmake --help-policy CMP0026" for policy details.  Use the cmake_policy
  command to set the policy and suppress this warning.

  The LOCATION property should not be read from target "testentrysearcher".
  Use the target name directly with add_custom_command, or use the generator
  expression $<TARGET_FILE>, as appropriate.

Call Stack (most recent call first):
  tests/CMakeLists.txt:167 (add_unit_test)
This warning is for project developers.  Use -Wno-dev to suppress it.

CMake Warning (dev) at tests/CMakeLists.txt:67 (get_target_property):
  Policy CMP0026 is not set: Disallow use of the LOCATION target property.
  Run "cmake --help-policy CMP0026" for policy details.  Use the cmake_policy
  command to set the policy and suppress this warning.

  The LOCATION property should not be read from target "testexporter".  Use
  the target name directly with add_custom_command, or use the generator
  expression $<TARGET_FILE>, as appropriate.

Call Stack (most recent call first):
  tests/CMakeLists.txt:170 (add_unit_test)
This warning is for project developers.  Use -Wno-dev to suppress it.

-- 
-- The following REQUIRED packages have been found:

 * Qt4 (required version >= 4.6.0)
 * Gcrypt
 * ZLIB

-- Configuring done
-- Generating done
-- Build files have been written to: /Users/nma/Source/keepassx/build
MA-GAMM102686-2:build nma$ 

