MA-GAMM102686-2:build nma$ make
Scanning dependencies of target translations
[  0%] Generating keepassx-bb_BK.qm
Updating '/Users/nma/Source/keepassx/build/share/translations/keepassx-bb_BK.qm'...
Removed plural forms as the target language has less forms.
If this sounds wrong, possibly the target language is not set or recognized.
    Generated 264 translation(s) (264 finished and 0 unfinished)
[  0%] Generating keepassx-de.qm
Updating '/Users/nma/Source/keepassx/build/share/translations/keepassx-de.qm'...
    Generated 264 translation(s) (264 finished and 0 unfinished)
[  1%] Generating keepassx-ja_JP.qm
Updating '/Users/nma/Source/keepassx/build/share/translations/keepassx-ja_JP.qm'...
    Generated 557 translation(s) (557 finished and 0 unfinished)
[  1%] Generating keepassx-sv_SE.qm
Updating '/Users/nma/Source/keepassx/build/share/translations/keepassx-sv_SE.qm'...
    Generated 264 translation(s) (264 finished and 0 unfinished)
[  1%] Generating keepassx-zh_CN.qm
Updating '/Users/nma/Source/keepassx/build/share/translations/keepassx-zh_CN.qm'...
    Generated 541 translation(s) (541 finished and 0 unfinished)
[  2%] Generating keepassx-zh_TW.qm
Updating '/Users/nma/Source/keepassx/build/share/translations/keepassx-zh_TW.qm'...
    Generated 541 translation(s) (541 finished and 0 unfinished)
[  2%] Generating keepassx_en_plurals.qm
Updating '/Users/nma/Source/keepassx/build/share/translations/keepassx_en_plurals.qm'...
    Generated 4 translation(s) (4 finished and 0 unfinished)
[  2%] Generating keepassx_it.qm
Updating '/Users/nma/Source/keepassx/build/share/translations/keepassx_it.qm'...
    Generated 264 translation(s) (264 finished and 0 unfinished)
[  3%] Generating keepassx_nl_NL.qm
Updating '/Users/nma/Source/keepassx/build/share/translations/keepassx_nl_NL.qm'...
    Generated 264 translation(s) (264 finished and 0 unfinished)
[  3%] Built target translations
[  3%] Generating streams/moc_SymmetricCipherStream.cxx
[  4%] Generating ui_AboutDialog.h
[  4%] Generating ui_ChangeMasterKeyWidget.h
[  4%] Generating ui_DatabaseOpenWidget.h
[  5%] Generating ui_DatabaseSettingsWidget.h
[  5%] Generating ui_EditWidget.h
[  5%] Generating ui_EditWidgetIcons.h
[  6%] Generating ui_EditWidgetProperties.h
[  6%] Generating ui_MainWindow.h
[  6%] Generating ui_PasswordGeneratorWidget.h
[  7%] Generating ui_SearchWidget.h
[  7%] Generating ui_SettingsWidgetGeneral.h
[  7%] Generating ui_SettingsWidgetSecurity.h
[  8%] Generating ui_WelcomeWidget.h
[  8%] Generating ui_EditEntryWidgetAdvanced.h
[  8%] Generating ui_EditEntryWidgetAutoType.h
[  9%] Generating ui_EditEntryWidgetHistory.h
[  9%] Generating ui_EditEntryWidgetMain.h
[  9%] Generating ui_EditGroupWidgetMain.h
[ 10%] Generating autotype/moc_AutoType.cxx
[ 10%] Generating autotype/moc_AutoTypeSelectDialog.cxx
[ 10%] Generating autotype/moc_AutoTypeSelectView.cxx
[ 11%] Generating autotype/moc_ShortcutWidget.cxx
[ 11%] Generating autotype/moc_WindowSelectComboBox.cxx
[ 11%] Generating core/moc_AutoTypeAssociations.cxx
[ 12%] Generating core/moc_Config.cxx
[ 12%] Generating core/moc_Database.cxx
[ 12%] Generating core/moc_Entry.cxx
[ 13%] Generating core/moc_EntryAttachments.cxx
[ 13%] Generating core/moc_EntryAttributes.cxx
[ 13%] Generating core/moc_Group.cxx
[ 14%] Generating core/moc_InactivityTimer.cxx
[ 14%] Generating core/moc_Metadata.cxx
[ 14%] Generating core/moc_qsavefile.cxx
[ 15%] Generating gui/moc_AboutDialog.cxx
[ 15%] Generating gui/moc_Application.cxx
[ 15%] Generating gui/moc_ChangeMasterKeyWidget.cxx
[ 16%] Generating gui/moc_Clipboard.cxx
[ 16%] Generating gui/moc_DatabaseOpenWidget.cxx
[ 16%] Generating gui/moc_DatabaseSettingsWidget.cxx
[ 17%] Generating gui/moc_DatabaseTabWidget.cxx
[ 17%] Generating gui/moc_DatabaseWidget.cxx
[ 17%] Generating gui/moc_DatabaseWidgetStateSync.cxx
[ 18%] Generating gui/moc_DialogyWidget.cxx
[ 18%] Generating gui/moc_DragTabBar.cxx
[ 18%] Generating gui/moc_EditWidget.cxx
[ 19%] Generating gui/moc_EditWidgetIcons.cxx
[ 19%] Generating gui/moc_EditWidgetProperties.cxx
[ 19%] Generating gui/moc_IconModels.cxx
[ 20%] Generating gui/moc_KeePass1OpenWidget.cxx
[ 20%] Generating gui/moc_LineEdit.cxx
[ 20%] Generating gui/moc_MainWindow.cxx
[ 21%] Generating gui/moc_PasswordEdit.cxx
[ 21%] Generating gui/moc_PasswordGeneratorWidget.cxx
[ 21%] Generating gui/moc_PasswordComboBox.cxx
[ 22%] Generating gui/moc_SettingsWidget.cxx
[ 22%] Generating gui/moc_SortFilterHideProxyModel.cxx
[ 22%] Generating gui/moc_UnlockDatabaseWidget.cxx
[ 23%] Generating gui/moc_WelcomeWidget.cxx
[ 23%] Generating gui/entry/moc_AutoTypeAssociationsModel.cxx
[ 23%] Generating gui/entry/moc_EditEntryWidget.cxx
[ 24%] Generating gui/entry/moc_EntryAttachmentsModel.cxx
[ 24%] Generating gui/entry/moc_EntryAttributesModel.cxx
[ 24%] Generating gui/entry/moc_EntryHistoryModel.cxx
[ 25%] Generating gui/entry/moc_EntryModel.cxx
[ 25%] Generating gui/entry/moc_EntryView.cxx
[ 25%] Generating gui/group/moc_EditGroupWidget.cxx
[ 26%] Generating gui/group/moc_GroupModel.cxx
[ 26%] Generating gui/group/moc_GroupView.cxx
[ 26%] Generating keys/moc_CompositeKey_p.cxx
[ 27%] Generating streams/moc_HashedBlockStream.cxx
[ 27%] Generating streams/moc_LayeredStream.cxx
[ 27%] Generating streams/moc_qtiocompressor.cxx
[ 28%] Generating streams/moc_StoreDataStream.cxx
Scanning dependencies of target keepassx_core
[ 28%] Building CXX object src/CMakeFiles/keepassx_core.dir/autotype/AutoType.cpp.o
[ 29%] Building CXX object src/CMakeFiles/keepassx_core.dir/autotype/AutoTypeAction.cpp.o
/Users/nma/Source/keepassx/src/autotype/AutoTypeAction.cpp:90:59: warning: unused parameter 'action' [-Wunused-parameter]
void AutoTypeExecutor::execClearField(AutoTypeClearField* action)
                                                          ^
1 warning generated.
[ 29%] Building CXX object src/CMakeFiles/keepassx_core.dir/autotype/AutoTypeSelectDialog.cpp.o
[ 29%] Building CXX object src/CMakeFiles/keepassx_core.dir/autotype/AutoTypeSelectView.cpp.o
[ 30%] Building CXX object src/CMakeFiles/keepassx_core.dir/autotype/ShortcutWidget.cpp.o
[ 30%] Building CXX object src/CMakeFiles/keepassx_core.dir/autotype/WildcardMatcher.cpp.o
[ 30%] Building CXX object src/CMakeFiles/keepassx_core.dir/autotype/WindowSelectComboBox.cpp.o
[ 31%] Building CXX object src/CMakeFiles/keepassx_core.dir/core/AutoTypeAssociations.cpp.o
[ 31%] Building CXX object src/CMakeFiles/keepassx_core.dir/core/Config.cpp.o
[ 31%] Building CXX object src/CMakeFiles/keepassx_core.dir/core/Database.cpp.o
[ 32%] Building CXX object src/CMakeFiles/keepassx_core.dir/core/DatabaseIcons.cpp.o
[ 32%] Building CXX object src/CMakeFiles/keepassx_core.dir/core/Endian.cpp.o
[ 32%] Building CXX object src/CMakeFiles/keepassx_core.dir/core/Entry.cpp.o
[ 33%] Building CXX object src/CMakeFiles/keepassx_core.dir/core/EntryAttachments.cpp.o
[ 33%] Building CXX object src/CMakeFiles/keepassx_core.dir/core/EntryAttributes.cpp.o
[ 33%] Building CXX object src/CMakeFiles/keepassx_core.dir/core/EntrySearcher.cpp.o
[ 34%] Building CXX object src/CMakeFiles/keepassx_core.dir/core/FilePath.cpp.o
[ 34%] Building CXX object src/CMakeFiles/keepassx_core.dir/core/Group.cpp.o
[ 34%] Building CXX object src/CMakeFiles/keepassx_core.dir/core/InactivityTimer.cpp.o
[ 35%] Building CXX object src/CMakeFiles/keepassx_core.dir/core/Metadata.cpp.o
[ 35%] Building CXX object src/CMakeFiles/keepassx_core.dir/core/PasswordGenerator.cpp.o
[ 35%] Building CXX object src/CMakeFiles/keepassx_core.dir/core/qsavefile.cpp.o
[ 36%] Building CXX object src/CMakeFiles/keepassx_core.dir/core/SignalMultiplexer.cpp.o
[ 36%] Building CXX object src/CMakeFiles/keepassx_core.dir/core/TimeDelta.cpp.o
[ 36%] Building CXX object src/CMakeFiles/keepassx_core.dir/core/TimeInfo.cpp.o
[ 37%] Building CXX object src/CMakeFiles/keepassx_core.dir/core/ToDbExporter.cpp.o
[ 37%] Building CXX object src/CMakeFiles/keepassx_core.dir/core/Tools.cpp.o
[ 37%] Building CXX object src/CMakeFiles/keepassx_core.dir/core/Translator.cpp.o
[ 38%] Building CXX object src/CMakeFiles/keepassx_core.dir/core/Uuid.cpp.o
[ 38%] Building CXX object src/CMakeFiles/keepassx_core.dir/core/qcommandlineoption.cpp.o
[ 38%] Building CXX object src/CMakeFiles/keepassx_core.dir/core/qcommandlineparser.cpp.o
[ 39%] Building CXX object src/CMakeFiles/keepassx_core.dir/crypto/Crypto.cpp.o
[ 39%] Building CXX object src/CMakeFiles/keepassx_core.dir/crypto/CryptoHash.cpp.o
/Users/nma/Source/keepassx/src/crypto/CryptoHash.cpp:50:18: warning: unused variable 'error' [-Wunused-variable]
    gcry_error_t error = gcry_md_open(&d->ctx, algoGcrypt, 0);
                 ^
1 warning generated.
[ 39%] Building CXX object src/CMakeFiles/keepassx_core.dir/crypto/Random.cpp.o
[ 40%] Building CXX object src/CMakeFiles/keepassx_core.dir/crypto/SymmetricCipher.cpp.o
[ 40%] Building CXX object src/CMakeFiles/keepassx_core.dir/crypto/SymmetricCipherGcrypt.cpp.o
/Users/nma/Source/keepassx/src/crypto/SymmetricCipherGcrypt.cpp:89:18: warning: unused variable 'error' [-Wunused-variable]
    gcry_error_t error = gcry_cipher_setkey(m_ctx, m_key.constData(), m_key.size());
                 ^
/Users/nma/Source/keepassx/src/crypto/SymmetricCipherGcrypt.cpp:96:18: warning: unused variable 'error' [-Wunused-variable]
    gcry_error_t error = gcry_cipher_setiv(m_ctx, m_iv.constData(), m_iv.size());
                 ^
2 warnings generated.
[ 40%] Building CXX object src/CMakeFiles/keepassx_core.dir/format/KeePass1Reader.cpp.o
[ 41%] Building CXX object src/CMakeFiles/keepassx_core.dir/format/KeePass2RandomStream.cpp.o
[ 41%] Building CXX object src/CMakeFiles/keepassx_core.dir/format/KeePass2Reader.cpp.o
[ 41%] Building CXX object src/CMakeFiles/keepassx_core.dir/format/KeePass2Writer.cpp.o
[ 42%] Building CXX object src/CMakeFiles/keepassx_core.dir/format/KeePass2XmlReader.cpp.o
[ 42%] Building CXX object src/CMakeFiles/keepassx_core.dir/format/KeePass2XmlWriter.cpp.o
[ 42%] Building CXX object src/CMakeFiles/keepassx_core.dir/gui/AboutDialog.cpp.o
[ 43%] Building CXX object src/CMakeFiles/keepassx_core.dir/gui/Application.cpp.o
[ 43%] Building CXX object src/CMakeFiles/keepassx_core.dir/gui/ChangeMasterKeyWidget.cpp.o
[ 43%] Building CXX object src/CMakeFiles/keepassx_core.dir/gui/Clipboard.cpp.o
[ 44%] Building CXX object src/CMakeFiles/keepassx_core.dir/gui/DatabaseOpenWidget.cpp.o
[ 44%] Building CXX object src/CMakeFiles/keepassx_core.dir/gui/DatabaseSettingsWidget.cpp.o
[ 44%] Building CXX object src/CMakeFiles/keepassx_core.dir/gui/DatabaseTabWidget.cpp.o
[ 45%] Building CXX object src/CMakeFiles/keepassx_core.dir/gui/DatabaseWidget.cpp.o
[ 45%] Building CXX object src/CMakeFiles/keepassx_core.dir/gui/DatabaseWidgetStateSync.cpp.o
[ 45%] Building CXX object src/CMakeFiles/keepassx_core.dir/gui/DialogyWidget.cpp.o
[ 46%] Building CXX object src/CMakeFiles/keepassx_core.dir/gui/DragTabBar.cpp.o
[ 46%] Building CXX object src/CMakeFiles/keepassx_core.dir/gui/EditWidget.cpp.o
[ 46%] Building CXX object src/CMakeFiles/keepassx_core.dir/gui/EditWidgetIcons.cpp.o
[ 47%] Building CXX object src/CMakeFiles/keepassx_core.dir/gui/EditWidgetProperties.cpp.o
[ 47%] Building CXX object src/CMakeFiles/keepassx_core.dir/gui/FileDialog.cpp.o
[ 47%] Building CXX object src/CMakeFiles/keepassx_core.dir/gui/IconModels.cpp.o
[ 48%] Building CXX object src/CMakeFiles/keepassx_core.dir/gui/KeePass1OpenWidget.cpp.o
[ 48%] Building CXX object src/CMakeFiles/keepassx_core.dir/gui/LineEdit.cpp.o
[ 48%] Building CXX object src/CMakeFiles/keepassx_core.dir/gui/MainWindow.cpp.o
[ 49%] Building CXX object src/CMakeFiles/keepassx_core.dir/gui/MessageBox.cpp.o
[ 49%] Building CXX object src/CMakeFiles/keepassx_core.dir/gui/PasswordEdit.cpp.o
[ 49%] Building CXX object src/CMakeFiles/keepassx_core.dir/gui/PasswordGeneratorWidget.cpp.o
[ 50%] Building CXX object src/CMakeFiles/keepassx_core.dir/gui/PasswordComboBox.cpp.o
[ 50%] Building CXX object src/CMakeFiles/keepassx_core.dir/gui/SettingsWidget.cpp.o
[ 50%] Building CXX object src/CMakeFiles/keepassx_core.dir/gui/SortFilterHideProxyModel.cpp.o
[ 51%] Building CXX object src/CMakeFiles/keepassx_core.dir/gui/UnlockDatabaseWidget.cpp.o
[ 51%] Building CXX object src/CMakeFiles/keepassx_core.dir/gui/WelcomeWidget.cpp.o
[ 51%] Building CXX object src/CMakeFiles/keepassx_core.dir/gui/entry/AutoTypeAssociationsModel.cpp.o
[ 52%] Building CXX object src/CMakeFiles/keepassx_core.dir/gui/entry/EditEntryWidget.cpp.o
[ 52%] Building CXX object src/CMakeFiles/keepassx_core.dir/gui/entry/EntryAttachmentsModel.cpp.o
[ 52%] Building CXX object src/CMakeFiles/keepassx_core.dir/gui/entry/EntryAttributesModel.cpp.o
[ 53%] Building CXX object src/CMakeFiles/keepassx_core.dir/gui/entry/EntryHistoryModel.cpp.o
[ 53%] Building CXX object src/CMakeFiles/keepassx_core.dir/gui/entry/EntryModel.cpp.o
[ 53%] Building CXX object src/CMakeFiles/keepassx_core.dir/gui/entry/EntryView.cpp.o
[ 54%] Building CXX object src/CMakeFiles/keepassx_core.dir/gui/group/EditGroupWidget.cpp.o
[ 54%] Building CXX object src/CMakeFiles/keepassx_core.dir/gui/group/GroupModel.cpp.o
[ 54%] Building CXX object src/CMakeFiles/keepassx_core.dir/gui/group/GroupView.cpp.o
[ 55%] Building CXX object src/CMakeFiles/keepassx_core.dir/keys/CompositeKey.cpp.o
[ 55%] Building CXX object src/CMakeFiles/keepassx_core.dir/keys/FileKey.cpp.o
[ 55%] Building CXX object src/CMakeFiles/keepassx_core.dir/keys/PasswordKey.cpp.o
[ 56%] Building CXX object src/CMakeFiles/keepassx_core.dir/streams/HashedBlockStream.cpp.o
[ 56%] Building CXX object src/CMakeFiles/keepassx_core.dir/streams/LayeredStream.cpp.o
[ 56%] Building CXX object src/CMakeFiles/keepassx_core.dir/streams/qtiocompressor.cpp.o
[ 57%] Building CXX object src/CMakeFiles/keepassx_core.dir/streams/StoreDataStream.cpp.o
[ 57%] Building CXX object src/CMakeFiles/keepassx_core.dir/streams/SymmetricCipherStream.cpp.o
[ 57%] Building CXX object src/CMakeFiles/keepassx_core.dir/autotype/moc_AutoType.cxx.o
[ 58%] Building CXX object src/CMakeFiles/keepassx_core.dir/autotype/moc_AutoTypeSelectDialog.cxx.o
[ 58%] Building CXX object src/CMakeFiles/keepassx_core.dir/autotype/moc_AutoTypeSelectView.cxx.o
[ 58%] Building CXX object src/CMakeFiles/keepassx_core.dir/autotype/moc_ShortcutWidget.cxx.o
[ 59%] Building CXX object src/CMakeFiles/keepassx_core.dir/autotype/moc_WindowSelectComboBox.cxx.o
[ 59%] Building CXX object src/CMakeFiles/keepassx_core.dir/core/moc_AutoTypeAssociations.cxx.o
[ 59%] Building CXX object src/CMakeFiles/keepassx_core.dir/core/moc_Config.cxx.o
[ 60%] Building CXX object src/CMakeFiles/keepassx_core.dir/core/moc_Database.cxx.o
[ 60%] Building CXX object src/CMakeFiles/keepassx_core.dir/core/moc_Entry.cxx.o
[ 60%] Building CXX object src/CMakeFiles/keepassx_core.dir/core/moc_EntryAttachments.cxx.o
[ 61%] Building CXX object src/CMakeFiles/keepassx_core.dir/core/moc_EntryAttributes.cxx.o
[ 61%] Building CXX object src/CMakeFiles/keepassx_core.dir/core/moc_Group.cxx.o
[ 61%] Building CXX object src/CMakeFiles/keepassx_core.dir/core/moc_InactivityTimer.cxx.o
[ 62%] Building CXX object src/CMakeFiles/keepassx_core.dir/core/moc_Metadata.cxx.o
[ 62%] Building CXX object src/CMakeFiles/keepassx_core.dir/core/moc_qsavefile.cxx.o
[ 62%] Building CXX object src/CMakeFiles/keepassx_core.dir/gui/moc_AboutDialog.cxx.o
[ 63%] Building CXX object src/CMakeFiles/keepassx_core.dir/gui/moc_Application.cxx.o
[ 63%] Building CXX object src/CMakeFiles/keepassx_core.dir/gui/moc_ChangeMasterKeyWidget.cxx.o
[ 63%] Building CXX object src/CMakeFiles/keepassx_core.dir/gui/moc_Clipboard.cxx.o
[ 64%] Building CXX object src/CMakeFiles/keepassx_core.dir/gui/moc_DatabaseOpenWidget.cxx.o
[ 64%] Building CXX object src/CMakeFiles/keepassx_core.dir/gui/moc_DatabaseSettingsWidget.cxx.o
[ 64%] Building CXX object src/CMakeFiles/keepassx_core.dir/gui/moc_DatabaseTabWidget.cxx.o
[ 65%] Building CXX object src/CMakeFiles/keepassx_core.dir/gui/moc_DatabaseWidget.cxx.o
[ 65%] Building CXX object src/CMakeFiles/keepassx_core.dir/gui/moc_DatabaseWidgetStateSync.cxx.o
[ 65%] Building CXX object src/CMakeFiles/keepassx_core.dir/gui/moc_DialogyWidget.cxx.o
[ 66%] Building CXX object src/CMakeFiles/keepassx_core.dir/gui/moc_DragTabBar.cxx.o
[ 66%] Building CXX object src/CMakeFiles/keepassx_core.dir/gui/moc_EditWidget.cxx.o
[ 66%] Building CXX object src/CMakeFiles/keepassx_core.dir/gui/moc_EditWidgetIcons.cxx.o
[ 67%] Building CXX object src/CMakeFiles/keepassx_core.dir/gui/moc_EditWidgetProperties.cxx.o
[ 67%] Building CXX object src/CMakeFiles/keepassx_core.dir/gui/moc_IconModels.cxx.o
[ 67%] Building CXX object src/CMakeFiles/keepassx_core.dir/gui/moc_KeePass1OpenWidget.cxx.o
[ 68%] Building CXX object src/CMakeFiles/keepassx_core.dir/gui/moc_LineEdit.cxx.o
[ 68%] Building CXX object src/CMakeFiles/keepassx_core.dir/gui/moc_MainWindow.cxx.o
[ 68%] Building CXX object src/CMakeFiles/keepassx_core.dir/gui/moc_PasswordEdit.cxx.o
[ 69%] Building CXX object src/CMakeFiles/keepassx_core.dir/gui/moc_PasswordGeneratorWidget.cxx.o
[ 69%] Building CXX object src/CMakeFiles/keepassx_core.dir/gui/moc_PasswordComboBox.cxx.o
[ 69%] Building CXX object src/CMakeFiles/keepassx_core.dir/gui/moc_SettingsWidget.cxx.o
[ 70%] Building CXX object src/CMakeFiles/keepassx_core.dir/gui/moc_SortFilterHideProxyModel.cxx.o
[ 70%] Building CXX object src/CMakeFiles/keepassx_core.dir/gui/moc_UnlockDatabaseWidget.cxx.o
[ 70%] Building CXX object src/CMakeFiles/keepassx_core.dir/gui/moc_WelcomeWidget.cxx.o
[ 71%] Building CXX object src/CMakeFiles/keepassx_core.dir/gui/entry/moc_AutoTypeAssociationsModel.cxx.o
[ 71%] Building CXX object src/CMakeFiles/keepassx_core.dir/gui/entry/moc_EditEntryWidget.cxx.o
[ 71%] Building CXX object src/CMakeFiles/keepassx_core.dir/gui/entry/moc_EntryAttachmentsModel.cxx.o
[ 72%] Building CXX object src/CMakeFiles/keepassx_core.dir/gui/entry/moc_EntryAttributesModel.cxx.o
[ 72%] Building CXX object src/CMakeFiles/keepassx_core.dir/gui/entry/moc_EntryHistoryModel.cxx.o
[ 72%] Building CXX object src/CMakeFiles/keepassx_core.dir/gui/entry/moc_EntryModel.cxx.o
[ 73%] Building CXX object src/CMakeFiles/keepassx_core.dir/gui/entry/moc_EntryView.cxx.o
[ 73%] Building CXX object src/CMakeFiles/keepassx_core.dir/gui/group/moc_EditGroupWidget.cxx.o
[ 73%] Building CXX object src/CMakeFiles/keepassx_core.dir/gui/group/moc_GroupModel.cxx.o
[ 74%] Building CXX object src/CMakeFiles/keepassx_core.dir/gui/group/moc_GroupView.cxx.o
[ 74%] Building CXX object src/CMakeFiles/keepassx_core.dir/keys/moc_CompositeKey_p.cxx.o
[ 74%] Building CXX object src/CMakeFiles/keepassx_core.dir/streams/moc_HashedBlockStream.cxx.o
[ 75%] Building CXX object src/CMakeFiles/keepassx_core.dir/streams/moc_LayeredStream.cxx.o
[ 75%] Building CXX object src/CMakeFiles/keepassx_core.dir/streams/moc_qtiocompressor.cxx.o
[ 75%] Building CXX object src/CMakeFiles/keepassx_core.dir/streams/moc_StoreDataStream.cxx.o
[ 76%] Building CXX object src/CMakeFiles/keepassx_core.dir/streams/moc_SymmetricCipherStream.cxx.o
Linking CXX static library libkeepassx_core.a
[ 76%] Built target keepassx_core
Scanning dependencies of target KeePassX
[ 76%] Building CXX object src/CMakeFiles/KeePassX.dir/main.cpp.o
Linking CXX executable KeePassX.app/Contents/MacOS/KeePassX
[ 76%] Built target KeePassX
[ 76%] Generating moc_TestAutoType.cxx
Scanning dependencies of target testautotype
[ 76%] Building CXX object tests/CMakeFiles/testautotype.dir/TestAutoType.cpp.o
[ 77%] Building CXX object tests/CMakeFiles/testautotype.dir/moc_TestAutoType.cxx.o
Linking CXX executable testautotype
[ 77%] Built target testautotype
[ 78%] Generating moc_AutoTypeTest.cxx
Scanning dependencies of target keepassx-autotype-test
[ 78%] Building CXX object src/autotype/test/CMakeFiles/keepassx-autotype-test.dir/AutoTypeTest.cpp.o
[ 78%] Building CXX object src/autotype/test/CMakeFiles/keepassx-autotype-test.dir/moc_AutoTypeTest.cxx.o
Linking CXX shared module libkeepassx-autotype-test.so
[ 78%] Built target keepassx-autotype-test
Scanning dependencies of target kdbx-extract
[ 78%] Building CXX object utils/CMakeFiles/kdbx-extract.dir/kdbx-extract.cpp.o
Linking CXX executable kdbx-extract
[ 78%] Built target kdbx-extract
[ 78%] Generating moc_modeltest.cxx
Scanning dependencies of target modeltest
[ 78%] Building CXX object tests/CMakeFiles/modeltest.dir/modeltest.cpp.o
[ 79%] Building CXX object tests/CMakeFiles/modeltest.dir/moc_modeltest.cxx.o
Linking CXX static library libmodeltest.a
[ 79%] Built target modeltest
[ 79%] Generating moc_TestCryptoHash.cxx
Scanning dependencies of target testcryptohash
[ 79%] Building CXX object tests/CMakeFiles/testcryptohash.dir/TestCryptoHash.cpp.o
[ 80%] Building CXX object tests/CMakeFiles/testcryptohash.dir/moc_TestCryptoHash.cxx.o
Linking CXX executable testcryptohash
[ 80%] Built target testcryptohash
[ 80%] Generating moc_TestDeletedObjects.cxx
Scanning dependencies of target testdeletedobjects
[ 80%] Building CXX object tests/CMakeFiles/testdeletedobjects.dir/TestDeletedObjects.cpp.o
[ 81%] Building CXX object tests/CMakeFiles/testdeletedobjects.dir/moc_TestDeletedObjects.cxx.o
Linking CXX executable testdeletedobjects
[ 81%] Built target testdeletedobjects
[ 81%] Generating moc_TestEntry.cxx
Scanning dependencies of target testentry
[ 81%] Building CXX object tests/CMakeFiles/testentry.dir/TestEntry.cpp.o
[ 82%] Building CXX object tests/CMakeFiles/testentry.dir/moc_TestEntry.cxx.o
Linking CXX executable testentry
[ 82%] Built target testentry
[ 82%] Generating moc_TestEntryModel.cxx
Scanning dependencies of target testentrymodel
[ 82%] Building CXX object tests/CMakeFiles/testentrymodel.dir/TestEntryModel.cpp.o
[ 83%] Building CXX object tests/CMakeFiles/testentrymodel.dir/moc_TestEntryModel.cxx.o
Linking CXX executable testentrymodel
[ 83%] Built target testentrymodel
[ 83%] Generating moc_TestEntrySearcher.cxx
Scanning dependencies of target testentrysearcher
[ 83%] Building CXX object tests/CMakeFiles/testentrysearcher.dir/TestEntrySearcher.cpp.o
[ 84%] Building CXX object tests/CMakeFiles/testentrysearcher.dir/moc_TestEntrySearcher.cxx.o
Linking CXX executable testentrysearcher
[ 84%] Built target testentrysearcher
[ 84%] Generating moc_TestExporter.cxx
Scanning dependencies of target testexporter
[ 84%] Building CXX object tests/CMakeFiles/testexporter.dir/TestExporter.cpp.o
[ 85%] Building CXX object tests/CMakeFiles/testexporter.dir/moc_TestExporter.cxx.o
Linking CXX executable testexporter
[ 85%] Built target testexporter
[ 85%] Generating moc_TestGroup.cxx
Scanning dependencies of target testgroup
[ 85%] Building CXX object tests/CMakeFiles/testgroup.dir/TestGroup.cpp.o
[ 86%] Building CXX object tests/CMakeFiles/testgroup.dir/moc_TestGroup.cxx.o
Linking CXX executable testgroup
[ 86%] Built target testgroup
[ 86%] Generating moc_TestGroupModel.cxx
Scanning dependencies of target testgroupmodel
[ 86%] Building CXX object tests/CMakeFiles/testgroupmodel.dir/TestGroupModel.cpp.o
[ 87%] Building CXX object tests/CMakeFiles/testgroupmodel.dir/moc_TestGroupModel.cxx.o
Linking CXX executable testgroupmodel
[ 87%] Built target testgroupmodel
[ 87%] Generating moc_TestHashedBlockStream.cxx
Scanning dependencies of target testhashedblockstream
[ 87%] Building CXX object tests/CMakeFiles/testhashedblockstream.dir/TestHashedBlockStream.cpp.o
[ 88%] Building CXX object tests/CMakeFiles/testhashedblockstream.dir/moc_TestHashedBlockStream.cxx.o
Linking CXX executable testhashedblockstream
[ 88%] Built target testhashedblockstream
[ 88%] Generating moc_TestKeePass1Reader.cxx
Scanning dependencies of target testkeepass1reader
[ 88%] Building CXX object tests/CMakeFiles/testkeepass1reader.dir/TestKeePass1Reader.cpp.o
[ 89%] Building CXX object tests/CMakeFiles/testkeepass1reader.dir/moc_TestKeePass1Reader.cxx.o
Linking CXX executable testkeepass1reader
[ 89%] Built target testkeepass1reader
[ 89%] Generating moc_TestKeePass2RandomStream.cxx
Scanning dependencies of target testkeepass2randomstream
[ 89%] Building CXX object tests/CMakeFiles/testkeepass2randomstream.dir/TestKeePass2RandomStream.cpp.o
[ 90%] Building CXX object tests/CMakeFiles/testkeepass2randomstream.dir/moc_TestKeePass2RandomStream.cxx.o
Linking CXX executable testkeepass2randomstream
[ 90%] Built target testkeepass2randomstream
[ 90%] Generating moc_TestKeePass2Reader.cxx
Scanning dependencies of target testkeepass2reader
[ 90%] Building CXX object tests/CMakeFiles/testkeepass2reader.dir/TestKeePass2Reader.cpp.o
[ 91%] Building CXX object tests/CMakeFiles/testkeepass2reader.dir/moc_TestKeePass2Reader.cxx.o
Linking CXX executable testkeepass2reader
[ 91%] Built target testkeepass2reader
[ 91%] Generating moc_TestKeePass2Writer.cxx
Scanning dependencies of target testkeepass2writer
[ 91%] Building CXX object tests/CMakeFiles/testkeepass2writer.dir/TestKeePass2Writer.cpp.o
[ 92%] Building CXX object tests/CMakeFiles/testkeepass2writer.dir/moc_TestKeePass2Writer.cxx.o
Linking CXX executable testkeepass2writer
[ 92%] Built target testkeepass2writer
[ 92%] Generating moc_TestKeePass2XmlReader.cxx
Scanning dependencies of target testkeepass2xmlreader
[ 92%] Building CXX object tests/CMakeFiles/testkeepass2xmlreader.dir/TestKeePass2XmlReader.cpp.o
[ 93%] Building CXX object tests/CMakeFiles/testkeepass2xmlreader.dir/moc_TestKeePass2XmlReader.cxx.o
Linking CXX executable testkeepass2xmlreader
[ 93%] Built target testkeepass2xmlreader
[ 93%] Generating moc_TestKeys.cxx
Scanning dependencies of target testkeys
[ 93%] Building CXX object tests/CMakeFiles/testkeys.dir/TestKeys.cpp.o
[ 94%] Building CXX object tests/CMakeFiles/testkeys.dir/moc_TestKeys.cxx.o
Linking CXX executable testkeys
[ 94%] Built target testkeys
[ 94%] Generating moc_TestModified.cxx
Scanning dependencies of target testmodified
[ 94%] Building CXX object tests/CMakeFiles/testmodified.dir/TestModified.cpp.o
[ 95%] Building CXX object tests/CMakeFiles/testmodified.dir/moc_TestModified.cxx.o
Linking CXX executable testmodified
[ 95%] Built target testmodified
[ 95%] Generating moc_TestQCommandLineParser.cxx
Scanning dependencies of target testqcommandlineparser
[ 95%] Building CXX object tests/CMakeFiles/testqcommandlineparser.dir/TestQCommandLineParser.cpp.o
[ 96%] Building CXX object tests/CMakeFiles/testqcommandlineparser.dir/moc_TestQCommandLineParser.cxx.o
Linking CXX executable testqcommandlineparser
[ 96%] Built target testqcommandlineparser
[ 96%] Generating moc_TestQSaveFile.cxx
Scanning dependencies of target testqsavefile
[ 96%] Building CXX object tests/CMakeFiles/testqsavefile.dir/TestQSaveFile.cpp.o
[ 97%] Building CXX object tests/CMakeFiles/testqsavefile.dir/moc_TestQSaveFile.cxx.o
Linking CXX executable testqsavefile
[ 97%] Built target testqsavefile
[ 97%] Generating moc_TestRandom.cxx
Scanning dependencies of target testrandom
[ 97%] Building CXX object tests/CMakeFiles/testrandom.dir/TestRandom.cpp.o
[ 98%] Building CXX object tests/CMakeFiles/testrandom.dir/moc_TestRandom.cxx.o
Linking CXX executable testrandom
[ 98%] Built target testrandom
[ 98%] Generating moc_TestSymmetricCipher.cxx
Scanning dependencies of target testsymmetriccipher
[ 98%] Building CXX object tests/CMakeFiles/testsymmetriccipher.dir/TestSymmetricCipher.cpp.o
[ 99%] Building CXX object tests/CMakeFiles/testsymmetriccipher.dir/moc_TestSymmetricCipher.cxx.o
Linking CXX executable testsymmetriccipher
[ 99%] Built target testsymmetriccipher
[ 99%] Generating moc_TestWildcardMatcher.cxx
Scanning dependencies of target testwildcardmatcher
[ 99%] Building CXX object tests/CMakeFiles/testwildcardmatcher.dir/TestWildcardMatcher.cpp.o
[100%] Building CXX object tests/CMakeFiles/testwildcardmatcher.dir/moc_TestWildcardMatcher.cxx.o
Linking CXX executable testwildcardmatcher
[100%] Built target testwildcardmatcher
MA-GAMM102686-2:build nma$ 

